setting up MToolBox environment variables...
...done

setting up MToolBox variables in config file ...
...done

B00HRP9_sorted will be used as vcf file name...



Check python version... (2.7 required)
OK.

Checking files to be used in MToolBox execution...

Checking mapExome parameters...
OK.

Checking assembleMTgenome parameters...
OK.

Checking mt-classifier parameters...
OK.

Input type is bam.
output files will be placed in /data2/clerc/MToolbox2/test_LCQB/B00/OUT_B00HRP9_sorted/

Converting bam to fastq... B00HRP9_sorted.bam
[Wed May 29 15:13:15 CEST 2019] net.sf.picard.sam.SamToFastq INPUT=B00HRP9_sorted.bam FASTQ=/data
2/clerc/MToolbox2/test_LCQB/B00/OUT_B00HRP9_sorted/B00HRP9_sorted.R1.fastq SECOND_END_FASTQ=/data
2/clerc/MToolbox2/test_LCQB/B00/OUT_B00HRP9_sorted/B00HRP9_sorted.R2.fastq UNPAIRED_FASTQ=/data2/
clerc/MToolbox2/test_LCQB/B00/OUT_B00HRP9_sorted/B00HRP9_sorted.fastq TMP_DIR=[/data2/clerc/MTool
box2/test_LCQB/B00/OUT_B00HRP9_sorted/tmp] VALIDATION_STRINGENCY=SILENT    OUTPUT_PER_RG=false RE
_REVERSE=true INTERLEAVE=false INCLUDE_NON_PF_READS=false READ1_TRIM=0 READ2_TRIM=0 INCLUDE_NON_P
RIMARY_ALIGNMENTS=false VERBOSITY=INFO QUIET=false COMPRESSION_LEVEL=5 MAX_RECORDS_IN_RAM=500000 
CREATE_INDEX=false CREATE_MD5_FILE=false
[Wed May 29 15:13:15 CEST 2019] Executing as clerc@cluster.lcqb.upmc.fr on Linux 2.6.32-431.11.2.
el6.x86_64 amd64; OpenJDK 64-Bit Server VM 1.6.0_30-b30; Picard version: 1.108(1695) JdkDeflater
INFO	2019-05-29 15:13:25	SamToFastq	Processed     1 000 000 records.  Elapsed time: 0
0:00:09s.  Time for last 1 000 000:    9s.  Last read position: chr10:2 497 981
INFO	2019-05-29 15:13:33	SamToFastq	Processed     2 000 000 records.  Elapsed time: 0
0:00:17s.  Time for last 1 000 000:    8s.  Last read position: chr10:4 619 967
INFO	2019-05-29 15:13:40	SamToFastq	Processed     3 000 000 records.  Elapsed time: 0
0:00:25s.  Time for last 1 000 000:    7s.  Last read position: chr10:6 696 507



......................................................



[Thu May 30 03:59:49 CEST 2019] net.sf.picard.sam.SamToFastq done. Elapsed time: 766,58 minutes.
Runtime.totalMemory()=2305294336
To get help, see http://picard.sourceforge.net/index.shtml#GettingHelp
Exception in thread "main" java.lang.OutOfMemoryError: Java heap space
	at java.lang.String.<init>(String.java:347)
	at net.sf.samtools.util.StringUtil.bytesToString(StringUtil.java:301)
	at net.sf.samtools.util.StringUtil.bytesToString(StringUtil.java:288)
	at net.sf.samtools.SAMRecord.getReadString(SAMRecord.java:206)
	at net.sf.picard.sam.SamToFastq.writeRecord(SamToFastq.java:261)
	at net.sf.picard.sam.SamToFastq.doWork(SamToFastq.java:160)
	at net.sf.picard.cmdline.CommandLineProgram.instanceMain(CommandLineProgram.java:179)
	at net.sf.picard.sam.SamToFastq.main(SamToFastq.java:127)
Done.


##### EXECUTING READ MAPPING WITH MAPEXOME...


mapExome for sample B00HRP9_sorted, files found: /data2/clerc/MToolbox2/test_LCQB/B00/OUT_B00HRP9
_sorted//B00HRP9_sorted.fastq /data2/clerc/MToolbox2/test_LCQB/B00/OUT_B00HRP9_sorted//B00HRP9_so
rted.R1.fastq /data2/clerc/MToolbox2/test_LCQB/B00/OUT_B00HRP9_sorted//B00HRP9_sorted.R2.fastq
B00HRP9_sorted.fastq is an empty unpaired fastq. File has been removed.
Mapping onto mtDNA...
/share/apps/MToolBox/1.0/bin/gmap/bin/gsnap -D /share/apps/MToolBox/1.0/gmapdb/ --gunzip -d chrM 
-A sam --nofails --pairmax-dna=500 --query-unk-mismatch=1 --read-group-id=sample --read-group-nam
e=sample --read-group-library=sample --read-group-platform=sample -n 1 -Q -O -t 8 B00HRP9_sorted.
R1.fastq B00HRP9_sorted.R2.fastq > /data2/clerc/MToolbox2/test_LCQB/B00/OUT_B00HRP9_sorted//OUT_B
00HRP9_sorted/outmt.sam 2> /data2/clerc/MToolbox2/test_LCQB/B00/OUT_B00HRP9_sorted//OUT_B00HRP9_s
orted/logmt.txt
Extracting FASTQ from SAM...
Reading Results...
Filtering reads...
Outfile saved on /data2/clerc/MToolbox2/test_LCQB/B00/OUT_B00HRP9_sorted//OUT_B00HRP9_sorted/OUT.
sam.
Done.

Compression of fastq files from bam/sam input files...
Done.
SAM files post-processing...

##### SORTING OUT.sam FILES WITH PICARDTOOLS...

[Thu May 30 04:34:53 CEST 2019] net.sf.picard.sam.SortSam INPUT=OUT.sam OUTPUT=OUT.sam.bam SORT_O
RDER=coordinate TMP_DIR=[/data2/clerc/MToolbox2/test_LCQB/B00/OUT_B00HRP9_sorted/OUT_B00HRP9_sort
ed/tmp]    VERBOSITY=INFO QUIET=false VALIDATION_STRINGENCY=STRICT COMPRESSION_LEVEL=5 MAX_RECORD
S_IN_RAM=500000 CREATE_INDEX=false CREATE_MD5_FILE=false
[Thu May 30 04:34:53 CEST 2019] Executing as clerc@cluster.lcqb.upmc.fr on Linux 2.6.32-431.11.2.
el6.x86_64 amd64; OpenJDK 64-Bit Server VM 1.6.0_30-b30; Picard version: 1.98(1547)
INFO	2019-05-30 04:34:53	SortSam	Finished reading inputs, merging and writing to output no
w.
[Thu May 30 04:34:53 CEST 2019] net.sf.picard.sam.SortSam done. Elapsed time: 0,00 minutes.
Runtime.totalMemory()=1012924416
Success.

Skip Indel Realigner...
Skipping Mark Duplicates...
[Thu May 30 04:34:53 CEST 2019] net.sf.picard.sam.SamFormatConverter INPUT=OUT.sam.bam.marked.bam
 OUTPUT=OUT.sam.bam.marked.bam.marked.sam TMP_DIR=[/data2/clerc/MToolbox2/test_LCQB/B00/OUT_B00HR
P9_sorted/OUT_B00HRP9_sorted/tmp]    VERBOSITY=INFO QUIET=false VALIDATION_STRINGENCY=STRICT COMP
RESSION_LEVEL=5 MAX_RECORDS_IN_RAM=500000 CREATE_INDEX=false CREATE_MD5_FILE=false
[Thu May 30 04:34:53 CEST 2019] Executing as clerc@cluster.lcqb.upmc.fr on Linux 2.6.32-431.11.2.
el6.x86_64 amd64; OpenJDK 64-Bit Server VM 1.6.0_30-b30; Picard version: 1.98(1547)
[Thu May 30 04:34:54 CEST 2019] net.sf.picard.sam.SamFormatConverter done. Elapsed time: 0,00 min
utes.
Runtime.totalMemory()=1012924416

##### ASSEMBLING MT GENOMES WITH ASSEMBLEMTGENOME...
WARNING: values of tail < 5 are deprecated and will be replaced with 5

[mpileup] 1 samples in 1 input files
<mpileup> Set max per-file depth to 8000

##### GENERATING VCF OUTPUT...
Reference sequence used for VCF: RCRS

##### PREDICTING HAPLOGROUPS AND ANNOTATING/PRIORITIZING VARIANTS...

Haplogroup predictions based on RSRS Phylotree build 17
Unable to compute haplogroup. ExitYour best results file is  mt_classification_best_results.csv

Loading contig sequences from file B00HRP9_sorted-contigs.fasta
Parsing pathogenicity table...
Parsing variability data...
Parsing info about haplogroup-defining sites...
Parsing info about haplogroup assignments...
No annotation.csv found. Exit


