
setting up MToolBox environment variables...
...done

setting up MToolBox variables in config file ...
...done

S5 will be used as vcf file name...



Check python version... (2.7 required)
OK.

Checking files to be used in MToolBox execution...

Checking mapExome parameters...
OK.

Checking assembleMTgenome parameters...
OK.

Checking mt-classifier parameters...
OK.

Input type is bam.
output files will be placed in /home/phung/Documents/work/MToolBox-master/tenon/S5/S5/

Converting bam to fastq... 2052690574-005061_8008990406_S5.bam
[Fri Mar 01 16:15:23 CET 2019] net.sf.picard.sam.SamToFastq INPUT=2052690574-005061_8008990406_S5.bam FASTQ=/home/phung/Documents/work/MToolBox-master/tenon/S5/S5/2052690574-005061_8008990406_S5.R1.fastq SECOND_END_FASTQ=/home/phung/Documents/work/MToolBox-master/tenon/S5/S5/2052690574-005061_8008990406_S5.R2.fastq UNPAIRED_FASTQ=/home/phung/Documents/work/MToolBox-master/tenon/S5/S5/2052690574-005061_8008990406_S5.fastq TMP_DIR=[/home/phung/Documents/work/MToolBox-master/tenon/S5/S5/tmp] VALIDATION_STRINGENCY=SILENT    OUTPUT_PER_RG=false RE_REVERSE=true INTERLEAVE=false INCLUDE_NON_PF_READS=false READ1_TRIM=0 READ2_TRIM=0 INCLUDE_NON_PRIMARY_ALIGNMENTS=false VERBOSITY=INFO QUIET=false COMPRESSION_LEVEL=5 MAX_RECORDS_IN_RAM=500000 CREATE_INDEX=false CREATE_MD5_FILE=false
[Fri Mar 01 16:15:23 CET 2019] Executing as phung@phung-Precision-Tower-5810 on Linux 4.15.0-45-generic amd64; OpenJDK 64-Bit Server VM 1.8.0_191-8u191-b12-2ubuntu0.16.04.1-b12; Picard version: 1.108(1695) JdkDeflater
INFO	2019-03-01 16:15:28	SamToFastq	Processed     1,000,000 records.  Elapsed time: 00:00:05s.  Time for last 1,000,000:    5s.  Last read position: 1:10,584,529
INFO	2019-03-01 16:15:34	SamToFastq	Processed     2,000,000 records.  Elapsed time: 00:00:10s.  Time for last 1,000,000:    5s.  Last read position: 1:16,918,522
INFO	2019-03-01 16:15:39	SamToFastq	Processed     3,000,000 records.  Elapsed time: 00:00:16s.  Time for last 1,000,000:    5s.  Last read position: 1:24,124,662
INFO	2019-03-01 16:15:44	SamToFastq	Processed     4,000,000 records.  Elapsed time: 00:00:21s.  Time for last 1,000,000:    5s.  Last read position: 1:36,929,727
INFO	2019-03-01 16:15:51	SamToFastq	Processed     5,000,000 records.  Elapsed time: 00:00:28s.  Time for last 1,000,000:    6s.  Last read position: 1:47,603,164
INFO	2019-03-01 16:15:59	SamToFastq	Processed     6,000,000 records.  Elapsed time: 00:00:36s.  Time for last 1,000,000:    7s.  Last read position: 1:77,510,007
INFO	2019-03-01 16:16:04	SamToFastq	Processed     7,000,000 records.  Elapsed time: 00:00:41s.  Time for last 1,000,000:    5s.  Last read position: 1:109,191,526
INFO	2019-03-01 16:16:10	SamToFastq	Processed     8,000,000 records.  Elapsed time: 00:00:46s.  Time for last 1,000,000:    5s.  Last read position: 1:143,355,336
INFO	2019-03-01 16:16:15	SamToFastq	Processed     9,000,000 records.  Elapsed time: 00:00:52s.  Time for last 1,000,000:    5s.  Last read position: 1:148,580,463
INFO	2019-03-01 16:16:21	SamToFastq	Processed    10,000,000 records.  Elapsed time: 00:00:57s.  Time for last 1,000,000:    5s.  Last read position: 1:154,524,546
INFO	2019-03-01 16:16:28	SamToFastq	Processed    11,000,000 records.  Elapsed time: 00:01:04s.  Time for last 1,000,000:    6s.  Last read position: 1:161,424,590
INFO	2019-03-01 16:16:33	SamToFastq	Processed    12,000,000 records.  Elapsed time: 00:01:10s.  Time for last 1,000,000:    5s.  Last read position: 1:183,261,983
INFO	2019-03-01 16:16:38	SamToFastq	Processed    13,000,000 records.  Elapsed time: 00:01:15s.  Time for last 1,000,000:    5s.  Last read position: 1:204,926,911
INFO	2019-03-01 16:16:44	SamToFastq	Processed    14,000,000 records.  Elapsed time: 00:01:20s.  Time for last 1,000,000:    5s.  Last read position: 1:225,594,513
INFO	2019-03-01 16:16:49	SamToFastq	Processed    15,000,000 records.  Elapsed time: 00:01:26s.  Time for last 1,000,000:    5s.  Last read position: 1:241,100,012
INFO	2019-03-01 16:16:57	SamToFastq	Processed    16,000,000 records.  Elapsed time: 00:01:33s.  Time for last 1,000,000:    7s.  Last read position: 2:11,720,939
INFO	2019-03-01 16:17:02	SamToFastq	Processed    17,000,000 records.  Elapsed time: 00:01:39s.  Time for last 1,000,000:    5s.  Last read position: 2:32,475,704
INFO	2019-03-01 16:17:07	SamToFastq	Processed    18,000,000 records.  Elapsed time: 00:01:44s.  Time for last 1,000,000:    5s.  Last read position: 2:60,689,413
INFO	2019-03-01 16:17:13	SamToFastq	Processed    19,000,000 records.  Elapsed time: 00:01:49s.  Time for last 1,000,000:    5s.  Last read position: 2:85,361,107
INFO	2019-03-01 16:17:19	SamToFastq	Processed    20,000,000 records.  Elapsed time: 00:01:56s.  Time for last 1,000,000:    6s.  Last read position: 2:96,587,569
INFO	2019-03-01 16:17:27	SamToFastq	Processed    21,000,000 records.  Elapsed time: 00:02:03s.  Time for last 1,000,000:    7s.  Last read position: 2:110,581,933
INFO	2019-03-01 16:17:33	SamToFastq	Processed    22,000,000 records.  Elapsed time: 00:02:09s.  Time for last 1,000,000:    6s.  Last read position: 2:131,356,761
INFO	2019-03-01 16:17:38	SamToFastq	Processed    23,000,000 records.  Elapsed time: 00:02:15s.  Time for last 1,000,000:    5s.  Last read position: 2:163,130,422
INFO	2019-03-01 16:17:43	SamToFastq	Processed    24,000,000 records.  Elapsed time: 00:02:20s.  Time for last 1,000,000:    5s.  Last read position: 2:179,535,816
INFO	2019-03-01 16:17:50	SamToFastq	Processed    25,000,000 records.  Elapsed time: 00:02:26s.  Time for last 1,000,000:    6s.  Last read position: 2:202,967,722
INFO	2019-03-01 16:17:56	SamToFastq	Processed    26,000,000 records.  Elapsed time: 00:02:33s.  Time for last 1,000,000:    6s.  Last read position: 2:220,422,483
INFO	2019-03-01 16:18:04	SamToFastq	Processed    27,000,000 records.  Elapsed time: 00:02:40s.  Time for last 1,000,000:    7s.  Last read position: 2:238,726,759
INFO	2019-03-01 16:18:09	SamToFastq	Processed    28,000,000 records.  Elapsed time: 00:02:46s.  Time for last 1,000,000:    5s.  Last read position: 3:9,802,455
INFO	2019-03-01 16:18:14	SamToFastq	Processed    29,000,000 records.  Elapsed time: 00:02:51s.  Time for last 1,000,000:    5s.  Last read position: 3:33,194,128
INFO	2019-03-01 16:18:20	SamToFastq	Processed    30,000,000 records.  Elapsed time: 00:02:57s.  Time for last 1,000,000:    5s.  Last read position: 3:47,734,700
INFO	2019-03-01 16:18:26	SamToFastq	Processed    31,000,000 records.  Elapsed time: 00:03:03s.  Time for last 1,000,000:    5s.  Last read position: 3:53,806,856
INFO	2019-03-01 16:18:33	SamToFastq	Processed    32,000,000 records.  Elapsed time: 00:03:09s.  Time for last 1,000,000:    6s.  Last read position: 3:97,868,989
INFO	2019-03-01 16:18:38	SamToFastq	Processed    33,000,000 records.  Elapsed time: 00:03:15s.  Time for last 1,000,000:    5s.  Last read position: 3:123,650,350
INFO	2019-03-01 16:18:43	SamToFastq	Processed    34,000,000 records.  Elapsed time: 00:03:20s.  Time for last 1,000,000:    5s.  Last read position: 3:142,281,705
INFO	2019-03-01 16:18:49	SamToFastq	Processed    35,000,000 records.  Elapsed time: 00:03:25s.  Time for last 1,000,000:    5s.  Last read position: 3:180,364,895
INFO	2019-03-01 16:18:54	SamToFastq	Processed    36,000,000 records.  Elapsed time: 00:03:31s.  Time for last 1,000,000:    5s.  Last read position: 3:195,596,552
INFO	2019-03-01 16:19:00	SamToFastq	Processed    37,000,000 records.  Elapsed time: 00:03:37s.  Time for last 1,000,000:    5s.  Last read position: 4:4,199,319
INFO	2019-03-01 16:19:07	SamToFastq	Processed    38,000,000 records.  Elapsed time: 00:03:44s.  Time for last 1,000,000:    6s.  Last read position: 4:9,245,593
INFO	2019-03-01 16:19:12	SamToFastq	Processed    39,000,000 records.  Elapsed time: 00:03:49s.  Time for last 1,000,000:    5s.  Last read position: 4:9,342,081
INFO	2019-03-01 16:19:17	SamToFastq	Processed    40,000,000 records.  Elapsed time: 00:03:54s.  Time for last 1,000,000:    5s.  Last read position: 4:24,810,315
INFO	2019-03-01 16:19:23	SamToFastq	Processed    41,000,000 records.  Elapsed time: 00:03:59s.  Time for last 1,000,000:    5s.  Last read position: 4:68,725,331
INFO	2019-03-01 16:19:28	SamToFastq	Processed    42,000,000 records.  Elapsed time: 00:04:05s.  Time for last 1,000,000:    5s.  Last read position: 4:89,627,910
INFO	2019-03-01 16:19:37	SamToFastq	Processed    43,000,000 records.  Elapsed time: 00:04:14s.  Time for last 1,000,000:    8s.  Last read position: 4:123,192,469
INFO	2019-03-01 16:19:43	SamToFastq	Processed    44,000,000 records.  Elapsed time: 00:04:19s.  Time for last 1,000,000:    5s.  Last read position: 4:164,246,587
INFO	2019-03-01 16:19:48	SamToFastq	Processed    45,000,000 records.  Elapsed time: 00:04:25s.  Time for last 1,000,000:    5s.  Last read position: 5:140,727
INFO	2019-03-01 16:19:53	SamToFastq	Processed    46,000,000 records.  Elapsed time: 00:04:30s.  Time for last 1,000,000:    5s.  Last read position: 5:31,515,208
INFO	2019-03-01 16:19:59	SamToFastq	Processed    47,000,000 records.  Elapsed time: 00:04:36s.  Time for last 1,000,000:    5s.  Last read position: 5:61,762,995
INFO	2019-03-01 16:20:05	SamToFastq	Processed    48,000,000 records.  Elapsed time: 00:04:41s.  Time for last 1,000,000:    5s.  Last read position: 5:82,785,771
INFO	2019-03-01 16:20:13	SamToFastq	Processed    49,000,000 records.  Elapsed time: 00:04:49s.  Time for last 1,000,000:    7s.  Last read position: 5:127,466,747
INFO	2019-03-01 16:20:18	SamToFastq	Processed    50,000,000 records.  Elapsed time: 00:04:54s.  Time for last 1,000,000:    5s.  Last read position: 5:140,589,997
INFO	2019-03-01 16:20:23	SamToFastq	Processed    51,000,000 records.  Elapsed time: 00:05:00s.  Time for last 1,000,000:    5s.  Last read position: 5:156,353,180
INFO	2019-03-01 16:20:28	SamToFastq	Processed    52,000,000 records.  Elapsed time: 00:05:05s.  Time for last 1,000,000:    5s.  Last read position: 5:177,548,030
INFO	2019-03-01 16:20:34	SamToFastq	Processed    53,000,000 records.  Elapsed time: 00:05:11s.  Time for last 1,000,000:    5s.  Last read position: 6:12,124,423
INFO	2019-03-01 16:20:42	SamToFastq	Processed    54,000,000 records.  Elapsed time: 00:05:18s.  Time for last 1,000,000:    7s.  Last read position: 6:30,553,338
INFO	2019-03-01 16:20:47	SamToFastq	Processed    55,000,000 records.  Elapsed time: 00:05:24s.  Time for last 1,000,000:    5s.  Last read position: 6:33,142,336
INFO	2019-03-01 16:20:52	SamToFastq	Processed    56,000,000 records.  Elapsed time: 00:05:29s.  Time for last 1,000,000:    5s.  Last read position: 6:43,163,797
INFO	2019-03-01 16:20:58	SamToFastq	Processed    57,000,000 records.  Elapsed time: 00:05:34s.  Time for last 1,000,000:    5s.  Last read position: 6:70,948,816
INFO	2019-03-01 16:21:04	SamToFastq	Processed    58,000,000 records.  Elapsed time: 00:05:41s.  Time for last 1,000,000:    6s.  Last read position: 6:108,204,210
INFO	2019-03-01 16:21:13	SamToFastq	Processed    59,000,000 records.  Elapsed time: 00:05:49s.  Time for last 1,000,000:    8s.  Last read position: 6:137,017,073
INFO	2019-03-01 16:21:18	SamToFastq	Processed    60,000,000 records.  Elapsed time: 00:05:55s.  Time for last 1,000,000:    5s.  Last read position: 6:160,525,948
INFO	2019-03-01 16:21:23	SamToFastq	Processed    61,000,000 records.  Elapsed time: 00:06:00s.  Time for last 1,000,000:    5s.  Last read position: 7:2,998,173
INFO	2019-03-01 16:21:29	SamToFastq	Processed    62,000,000 records.  Elapsed time: 00:06:05s.  Time for last 1,000,000:    5s.  Last read position: 7:27,141,026
INFO	2019-03-01 16:21:34	SamToFastq	Processed    63,000,000 records.  Elapsed time: 00:06:11s.  Time for last 1,000,000:    5s.  Last read position: 7:50,455,156
INFO	2019-03-01 16:21:42	SamToFastq	Processed    64,000,000 records.  Elapsed time: 00:06:18s.  Time for last 1,000,000:    7s.  Last read position: 7:73,367,354
INFO	2019-03-01 16:21:47	SamToFastq	Processed    65,000,000 records.  Elapsed time: 00:06:24s.  Time for last 1,000,000:    5s.  Last read position: 7:92,020,507
INFO	2019-03-01 16:21:52	SamToFastq	Processed    66,000,000 records.  Elapsed time: 00:06:29s.  Time for last 1,000,000:    5s.  Last read position: 7:100,643,360
INFO	2019-03-01 16:21:58	SamToFastq	Processed    67,000,000 records.  Elapsed time: 00:06:34s.  Time for last 1,000,000:    5s.  Last read position: 7:117,023,106
INFO	2019-03-01 16:22:03	SamToFastq	Processed    68,000,000 records.  Elapsed time: 00:06:40s.  Time for last 1,000,000:    5s.  Last read position: 7:139,829,263
INFO	2019-03-01 16:22:09	SamToFastq	Processed    69,000,000 records.  Elapsed time: 00:06:46s.  Time for last 1,000,000:    5s.  Last read position: 7:150,554,713
INFO	2019-03-01 16:22:17	SamToFastq	Processed    70,000,000 records.  Elapsed time: 00:06:53s.  Time for last 1,000,000:    7s.  Last read position: 8:7,590,236
INFO	2019-03-01 16:22:22	SamToFastq	Processed    71,000,000 records.  Elapsed time: 00:06:59s.  Time for last 1,000,000:    5s.  Last read position: 8:23,291,895
INFO	2019-03-01 16:22:27	SamToFastq	Processed    72,000,000 records.  Elapsed time: 00:07:04s.  Time for last 1,000,000:    5s.  Last read position: 8:48,743,280
INFO	2019-03-01 16:22:33	SamToFastq	Processed    73,000,000 records.  Elapsed time: 00:07:09s.  Time for last 1,000,000:    5s.  Last read position: 8:86,574,669
INFO	2019-03-01 16:22:39	SamToFastq	Processed    74,000,000 records.  Elapsed time: 00:07:15s.  Time for last 1,000,000:    6s.  Last read position: 8:110,488,863
INFO	2019-03-01 16:22:47	SamToFastq	Processed    75,000,000 records.  Elapsed time: 00:07:23s.  Time for last 1,000,000:    8s.  Last read position: 8:143,623,495
INFO	2019-03-01 16:22:52	SamToFastq	Processed    76,000,000 records.  Elapsed time: 00:07:29s.  Time for last 1,000,000:    5s.  Last read position: 9:2,110,382
INFO	2019-03-01 16:22:57	SamToFastq	Processed    77,000,000 records.  Elapsed time: 00:07:34s.  Time for last 1,000,000:    5s.  Last read position: 9:34,255,923
INFO	2019-03-01 16:23:03	SamToFastq	Processed    78,000,000 records.  Elapsed time: 00:07:39s.  Time for last 1,000,000:    5s.  Last read position: 9:68,357,875
INFO	2019-03-01 16:23:08	SamToFastq	Processed    79,000,000 records.  Elapsed time: 00:07:45s.  Time for last 1,000,000:    5s.  Last read position: 9:93,375,866
INFO	2019-03-01 16:23:17	SamToFastq	Processed    80,000,000 records.  Elapsed time: 00:07:53s.  Time for last 1,000,000:    8s.  Last read position: 9:113,245,990
INFO	2019-03-01 16:23:22	SamToFastq	Processed    81,000,000 records.  Elapsed time: 00:07:59s.  Time for last 1,000,000:    5s.  Last read position: 9:130,279,241
INFO	2019-03-01 16:23:27	SamToFastq	Processed    82,000,000 records.  Elapsed time: 00:08:04s.  Time for last 1,000,000:    5s.  Last read position: 9:135,962,317
INFO	2019-03-01 16:23:33	SamToFastq	Processed    83,000,000 records.  Elapsed time: 00:08:09s.  Time for last 1,000,000:    5s.  Last read position: 9:139,944,807
INFO	2019-03-01 16:23:38	SamToFastq	Processed    84,000,000 records.  Elapsed time: 00:08:15s.  Time for last 1,000,000:    5s.  Last read position: 10:13,337,586
INFO	2019-03-01 16:23:46	SamToFastq	Processed    85,000,000 records.  Elapsed time: 00:08:23s.  Time for last 1,000,000:    7s.  Last read position: 10:38,352,950
INFO	2019-03-01 16:23:51	SamToFastq	Processed    86,000,000 records.  Elapsed time: 00:08:28s.  Time for last 1,000,000:    5s.  Last read position: 10:61,802,307
INFO	2019-03-01 16:23:57	SamToFastq	Processed    87,000,000 records.  Elapsed time: 00:08:33s.  Time for last 1,000,000:    5s.  Last read position: 10:81,949,138
INFO	2019-03-01 16:24:02	SamToFastq	Processed    88,000,000 records.  Elapsed time: 00:08:39s.  Time for last 1,000,000:    5s.  Last read position: 10:100,195,421
INFO	2019-03-01 16:24:08	SamToFastq	Processed    89,000,000 records.  Elapsed time: 00:08:44s.  Time for last 1,000,000:    5s.  Last read position: 10:118,116,907
INFO	2019-03-01 16:24:16	SamToFastq	Processed    90,000,000 records.  Elapsed time: 00:08:52s.  Time for last 1,000,000:    7s.  Last read position: 10:135,106,014
INFO	2019-03-01 16:24:21	SamToFastq	Processed    91,000,000 records.  Elapsed time: 00:08:58s.  Time for last 1,000,000:    5s.  Last read position: 11:1,214,173
INFO	2019-03-01 16:24:26	SamToFastq	Processed    92,000,000 records.  Elapsed time: 00:09:03s.  Time for last 1,000,000:    5s.  Last read position: 11:6,554,320
INFO	2019-03-01 16:24:32	SamToFastq	Processed    93,000,000 records.  Elapsed time: 00:09:08s.  Time for last 1,000,000:    5s.  Last read position: 11:18,730,946
INFO	2019-03-01 16:24:37	SamToFastq	Processed    94,000,000 records.  Elapsed time: 00:09:14s.  Time for last 1,000,000:    5s.  Last read position: 11:47,587,465
INFO	2019-03-01 16:24:45	SamToFastq	Processed    95,000,000 records.  Elapsed time: 00:09:22s.  Time for last 1,000,000:    7s.  Last read position: 11:62,297,528
INFO	2019-03-01 16:24:50	SamToFastq	Processed    96,000,000 records.  Elapsed time: 00:09:27s.  Time for last 1,000,000:    5s.  Last read position: 11:67,163,919
INFO	2019-03-01 16:24:56	SamToFastq	Processed    97,000,000 records.  Elapsed time: 00:09:32s.  Time for last 1,000,000:    5s.  Last read position: 11:78,563,738
INFO	2019-03-01 16:25:01	SamToFastq	Processed    98,000,000 records.  Elapsed time: 00:09:38s.  Time for last 1,000,000:    5s.  Last read position: 11:108,196,193
INFO	2019-03-01 16:25:07	SamToFastq	Processed    99,000,000 records.  Elapsed time: 00:09:43s.  Time for last 1,000,000:    5s.  Last read position: 11:121,039,526
INFO	2019-03-01 16:25:13	SamToFastq	Processed   100,000,000 records.  Elapsed time: 00:09:50s.  Time for last 1,000,000:    6s.  Last read position: 12:993,359
INFO	2019-03-01 16:25:20	SamToFastq	Processed   101,000,000 records.  Elapsed time: 00:09:57s.  Time for last 1,000,000:    6s.  Last read position: 12:9,241,730
INFO	2019-03-01 16:25:26	SamToFastq	Processed   102,000,000 records.  Elapsed time: 00:10:02s.  Time for last 1,000,000:    5s.  Last read position: 12:30,829,558
INFO	2019-03-01 16:25:32	SamToFastq	Processed   103,000,000 records.  Elapsed time: 00:10:08s.  Time for last 1,000,000:    5s.  Last read position: 12:49,621,999
INFO	2019-03-01 16:25:37	SamToFastq	Processed   104,000,000 records.  Elapsed time: 00:10:14s.  Time for last 1,000,000:    5s.  Last read position: 12:56,115,299
INFO	2019-03-01 16:25:45	SamToFastq	Processed   105,000,000 records.  Elapsed time: 00:10:22s.  Time for last 1,000,000:    7s.  Last read position: 12:71,833,994
INFO	2019-03-01 16:25:51	SamToFastq	Processed   106,000,000 records.  Elapsed time: 00:10:28s.  Time for last 1,000,000:    5s.  Last read position: 12:105,428,255
INFO	2019-03-01 16:25:56	SamToFastq	Processed   107,000,000 records.  Elapsed time: 00:10:33s.  Time for last 1,000,000:    5s.  Last read position: 12:120,536,873
INFO	2019-03-01 16:26:02	SamToFastq	Processed   108,000,000 records.  Elapsed time: 00:10:38s.  Time for last 1,000,000:    5s.  Last read position: 12:132,395,305
INFO	2019-03-01 16:26:08	SamToFastq	Processed   109,000,000 records.  Elapsed time: 00:10:44s.  Time for last 1,000,000:    5s.  Last read position: 13:29,041,213
INFO	2019-03-01 16:26:15	SamToFastq	Processed   110,000,000 records.  Elapsed time: 00:10:52s.  Time for last 1,000,000:    7s.  Last read position: 13:51,939,891
INFO	2019-03-01 16:26:22	SamToFastq	Processed   111,000,000 records.  Elapsed time: 00:10:58s.  Time for last 1,000,000:    6s.  Last read position: 13:101,944,784
INFO	2019-03-01 16:26:27	SamToFastq	Processed   112,000,000 records.  Elapsed time: 00:11:04s.  Time for last 1,000,000:    5s.  Last read position: 14:21,468,220
INFO	2019-03-01 16:26:32	SamToFastq	Processed   113,000,000 records.  Elapsed time: 00:11:09s.  Time for last 1,000,000:    5s.  Last read position: 14:31,346,864
INFO	2019-03-01 16:26:38	SamToFastq	Processed   114,000,000 records.  Elapsed time: 00:11:15s.  Time for last 1,000,000:    5s.  Last read position: 14:58,599,921
INFO	2019-03-01 16:26:44	SamToFastq	Processed   115,000,000 records.  Elapsed time: 00:11:20s.  Time for last 1,000,000:    5s.  Last read position: 14:74,411,019
INFO	2019-03-01 16:26:51	SamToFastq	Processed   116,000,000 records.  Elapsed time: 00:11:27s.  Time for last 1,000,000:    7s.  Last read position: 14:94,503,712
INFO	2019-03-01 16:26:57	SamToFastq	Processed   117,000,000 records.  Elapsed time: 00:11:34s.  Time for last 1,000,000:    6s.  Last read position: 14:105,419,735
INFO	2019-03-01 16:27:02	SamToFastq	Processed   118,000,000 records.  Elapsed time: 00:11:39s.  Time for last 1,000,000:    5s.  Last read position: 15:22,473,183
INFO	2019-03-01 16:27:08	SamToFastq	Processed   119,000,000 records.  Elapsed time: 00:11:44s.  Time for last 1,000,000:    5s.  Last read position: 15:28,801,699
INFO	2019-03-01 16:27:14	SamToFastq	Processed   120,000,000 records.  Elapsed time: 00:11:50s.  Time for last 1,000,000:    5s.  Last read position: 15:40,916,239
INFO	2019-03-01 16:27:20	SamToFastq	Processed   121,000,000 records.  Elapsed time: 00:11:57s.  Time for last 1,000,000:    6s.  Last read position: 15:48,063,514
INFO	2019-03-01 16:27:27	SamToFastq	Processed   122,000,000 records.  Elapsed time: 00:12:03s.  Time for last 1,000,000:    6s.  Last read position: 15:65,321,827
INFO	2019-03-01 16:27:32	SamToFastq	Processed   123,000,000 records.  Elapsed time: 00:12:08s.  Time for last 1,000,000:    5s.  Last read position: 15:76,077,434
INFO	2019-03-01 16:27:37	SamToFastq	Processed   124,000,000 records.  Elapsed time: 00:12:14s.  Time for last 1,000,000:    5s.  Last read position: 15:89,182,551
INFO	2019-03-01 16:27:43	SamToFastq	Processed   125,000,000 records.  Elapsed time: 00:12:20s.  Time for last 1,000,000:    5s.  Last read position: 16:270,628
INFO	2019-03-01 16:27:49	SamToFastq	Processed   126,000,000 records.  Elapsed time: 00:12:26s.  Time for last 1,000,000:    6s.  Last read position: 16:2,550,611
INFO	2019-03-01 16:27:56	SamToFastq	Processed   127,000,000 records.  Elapsed time: 00:12:32s.  Time for last 1,000,000:    6s.  Last read position: 16:12,448,722
INFO	2019-03-01 16:28:01	SamToFastq	Processed   128,000,000 records.  Elapsed time: 00:12:38s.  Time for last 1,000,000:    5s.  Last read position: 16:18,412,373
INFO	2019-03-01 16:28:06	SamToFastq	Processed   129,000,000 records.  Elapsed time: 00:12:43s.  Time for last 1,000,000:    5s.  Last read position: 16:23,091,269
INFO	2019-03-01 16:28:12	SamToFastq	Processed   130,000,000 records.  Elapsed time: 00:12:48s.  Time for last 1,000,000:    5s.  Last read position: 16:29,497,105
INFO	2019-03-01 16:28:17	SamToFastq	Processed   131,000,000 records.  Elapsed time: 00:12:54s.  Time for last 1,000,000:    5s.  Last read position: 16:33,558,065
INFO	2019-03-01 16:28:25	SamToFastq	Processed   132,000,000 records.  Elapsed time: 00:13:01s.  Time for last 1,000,000:    7s.  Last read position: 16:67,183,596
INFO	2019-03-01 16:28:30	SamToFastq	Processed   133,000,000 records.  Elapsed time: 00:13:07s.  Time for last 1,000,000:    5s.  Last read position: 16:74,423,804
INFO	2019-03-01 16:28:35	SamToFastq	Processed   134,000,000 records.  Elapsed time: 00:13:12s.  Time for last 1,000,000:    5s.  Last read position: 16:88,876,353
INFO	2019-03-01 16:28:41	SamToFastq	Processed   135,000,000 records.  Elapsed time: 00:13:17s.  Time for last 1,000,000:    5s.  Last read position: 17:3,181,622
INFO	2019-03-01 16:28:46	SamToFastq	Processed   136,000,000 records.  Elapsed time: 00:13:23s.  Time for last 1,000,000:    5s.  Last read position: 17:7,506,241
INFO	2019-03-01 16:28:52	SamToFastq	Processed   137,000,000 records.  Elapsed time: 00:13:29s.  Time for last 1,000,000:    6s.  Last read position: 17:17,120,381
INFO	2019-03-01 16:28:59	SamToFastq	Processed   138,000,000 records.  Elapsed time: 00:13:35s.  Time for last 1,000,000:    6s.  Last read position: 17:28,088,114
INFO	2019-03-01 16:29:04	SamToFastq	Processed   139,000,000 records.  Elapsed time: 00:13:41s.  Time for last 1,000,000:    5s.  Last read position: 17:36,290,590
INFO	2019-03-01 16:29:09	SamToFastq	Processed   140,000,000 records.  Elapsed time: 00:13:46s.  Time for last 1,000,000:    5s.  Last read position: 17:40,939,322
INFO	2019-03-01 16:29:15	SamToFastq	Processed   141,000,000 records.  Elapsed time: 00:13:51s.  Time for last 1,000,000:    5s.  Last read position: 17:48,265,374
INFO	2019-03-01 16:29:20	SamToFastq	Processed   142,000,000 records.  Elapsed time: 00:13:57s.  Time for last 1,000,000:    5s.  Last read position: 17:62,149,527
INFO	2019-03-01 16:29:28	SamToFastq	Processed   143,000,000 records.  Elapsed time: 00:14:04s.  Time for last 1,000,000:    7s.  Last read position: 17:74,020,076
INFO	2019-03-01 16:29:33	SamToFastq	Processed   144,000,000 records.  Elapsed time: 00:14:10s.  Time for last 1,000,000:    5s.  Last read position: 17:79,880,793
INFO	2019-03-01 16:29:38	SamToFastq	Processed   145,000,000 records.  Elapsed time: 00:14:15s.  Time for last 1,000,000:    5s.  Last read position: 18:11,752,396
INFO	2019-03-01 16:29:44	SamToFastq	Processed   146,000,000 records.  Elapsed time: 00:14:20s.  Time for last 1,000,000:    5s.  Last read position: 18:34,850,678
INFO	2019-03-01 16:29:49	SamToFastq	Processed   147,000,000 records.  Elapsed time: 00:14:26s.  Time for last 1,000,000:    5s.  Last read position: 18:64,235,550
INFO	2019-03-01 16:29:56	SamToFastq	Processed   148,000,000 records.  Elapsed time: 00:14:33s.  Time for last 1,000,000:    6s.  Last read position: 19:1,457,088
INFO	2019-03-01 16:30:02	SamToFastq	Processed   149,000,000 records.  Elapsed time: 00:14:39s.  Time for last 1,000,000:    5s.  Last read position: 19:5,626,411
INFO	2019-03-01 16:30:08	SamToFastq	Processed   150,000,000 records.  Elapsed time: 00:14:44s.  Time for last 1,000,000:    5s.  Last read position: 19:9,345,781
INFO	2019-03-01 16:30:13	SamToFastq	Processed   151,000,000 records.  Elapsed time: 00:14:50s.  Time for last 1,000,000:    5s.  Last read position: 19:13,218,475
INFO	2019-03-01 16:30:19	SamToFastq	Processed   152,000,000 records.  Elapsed time: 00:14:55s.  Time for last 1,000,000:    5s.  Last read position: 19:18,192,970
INFO	2019-03-01 16:30:25	SamToFastq	Processed   153,000,000 records.  Elapsed time: 00:15:01s.  Time for last 1,000,000:    5s.  Last read position: 19:33,481,628
INFO	2019-03-01 16:30:31	SamToFastq	Processed   154,000,000 records.  Elapsed time: 00:15:08s.  Time for last 1,000,000:    6s.  Last read position: 19:39,225,880
INFO	2019-03-01 16:30:36	SamToFastq	Processed   155,000,000 records.  Elapsed time: 00:15:13s.  Time for last 1,000,000:    5s.  Last read position: 19:43,494,095
INFO	2019-03-01 16:30:42	SamToFastq	Processed   156,000,000 records.  Elapsed time: 00:15:18s.  Time for last 1,000,000:    5s.  Last read position: 19:48,255,862
INFO	2019-03-01 16:30:47	SamToFastq	Processed   157,000,000 records.  Elapsed time: 00:15:24s.  Time for last 1,000,000:    5s.  Last read position: 19:51,535,182
INFO	2019-03-01 16:30:54	SamToFastq	Processed   158,000,000 records.  Elapsed time: 00:15:30s.  Time for last 1,000,000:    6s.  Last read position: 19:55,143,718
INFO	2019-03-01 16:31:02	SamToFastq	Processed   159,000,000 records.  Elapsed time: 00:15:38s.  Time for last 1,000,000:    7s.  Last read position: 19:58,511,950
INFO	2019-03-01 16:31:07	SamToFastq	Processed   160,000,000 records.  Elapsed time: 00:15:43s.  Time for last 1,000,000:    5s.  Last read position: 20:12,036,075
INFO	2019-03-01 16:31:12	SamToFastq	Processed   161,000,000 records.  Elapsed time: 00:15:49s.  Time for last 1,000,000:    5s.  Last read position: 20:33,440,194
INFO	2019-03-01 16:31:17	SamToFastq	Processed   162,000,000 records.  Elapsed time: 00:15:54s.  Time for last 1,000,000:    5s.  Last read position: 20:44,521,135
INFO	2019-03-01 16:31:23	SamToFastq	Processed   163,000,000 records.  Elapsed time: 00:16:00s.  Time for last 1,000,000:    5s.  Last read position: 20:60,906,086
INFO	2019-03-01 16:31:31	SamToFastq	Processed   164,000,000 records.  Elapsed time: 00:16:08s.  Time for last 1,000,000:    7s.  Last read position: 21:31,587,647
INFO	2019-03-01 16:31:36	SamToFastq	Processed   165,000,000 records.  Elapsed time: 00:16:13s.  Time for last 1,000,000:    5s.  Last read position: 21:45,708,200
INFO	2019-03-01 16:31:42	SamToFastq	Processed   166,000,000 records.  Elapsed time: 00:16:18s.  Time for last 1,000,000:    5s.  Last read position: 22:18,863,468
INFO	2019-03-01 16:31:47	SamToFastq	Processed   167,000,000 records.  Elapsed time: 00:16:24s.  Time for last 1,000,000:    5s.  Last read position: 22:23,595,982
INFO	2019-03-01 16:31:52	SamToFastq	Processed   168,000,000 records.  Elapsed time: 00:16:29s.  Time for last 1,000,000:    5s.  Last read position: 22:29,885,230
INFO	2019-03-01 16:31:59	SamToFastq	Processed   169,000,000 records.  Elapsed time: 00:16:35s.  Time for last 1,000,000:    6s.  Last read position: 22:38,150,885
INFO	2019-03-01 16:32:05	SamToFastq	Processed   170,000,000 records.  Elapsed time: 00:16:42s.  Time for last 1,000,000:    6s.  Last read position: 22:44,527,423
INFO	2019-03-01 16:32:11	SamToFastq	Processed   171,000,000 records.  Elapsed time: 00:16:47s.  Time for last 1,000,000:    5s.  Last read position: X:3,241,732
INFO	2019-03-01 16:32:16	SamToFastq	Processed   172,000,000 records.  Elapsed time: 00:16:53s.  Time for last 1,000,000:    5s.  Last read position: X:20,181,080
INFO	2019-03-01 16:32:21	SamToFastq	Processed   173,000,000 records.  Elapsed time: 00:16:58s.  Time for last 1,000,000:    5s.  Last read position: X:44,007,995
INFO	2019-03-01 16:32:27	SamToFastq	Processed   174,000,000 records.  Elapsed time: 00:17:04s.  Time for last 1,000,000:    5s.  Last read position: X:50,089,661
INFO	2019-03-01 16:32:33	SamToFastq	Processed   175,000,000 records.  Elapsed time: 00:17:10s.  Time for last 1,000,000:    6s.  Last read position: X:67,938,406
INFO	2019-03-01 16:32:39	SamToFastq	Processed   176,000,000 records.  Elapsed time: 00:17:16s.  Time for last 1,000,000:    6s.  Last read position: X:73,040,566
INFO	2019-03-01 16:32:45	SamToFastq	Processed   177,000,000 records.  Elapsed time: 00:17:21s.  Time for last 1,000,000:    5s.  Last read position: X:84,362,391
INFO	2019-03-01 16:32:50	SamToFastq	Processed   178,000,000 records.  Elapsed time: 00:17:26s.  Time for last 1,000,000:    5s.  Last read position: X:107,827,648
INFO	2019-03-01 16:32:55	SamToFastq	Processed   179,000,000 records.  Elapsed time: 00:17:32s.  Time for last 1,000,000:    5s.  Last read position: X:129,045,914
INFO	2019-03-01 16:33:01	SamToFastq	Processed   180,000,000 records.  Elapsed time: 00:17:37s.  Time for last 1,000,000:    5s.  Last read position: X:148,858,317
INFO	2019-03-01 16:33:08	SamToFastq	Processed   181,000,000 records.  Elapsed time: 00:17:45s.  Time for last 1,000,000:    7s.  Last read position: X:153,739,985
INFO	2019-03-01 16:33:14	SamToFastq	Processed   182,000,000 records.  Elapsed time: 00:17:51s.  Time for last 1,000,000:    5s.  Last read position: */*
[Fri Mar 01 16:33:14 CET 2019] net.sf.picard.sam.SamToFastq done. Elapsed time: 17.86 minutes.
Runtime.totalMemory()=304611328
Done.

##### EXECUTING READ MAPPING WITH MAPEXOME...


mapExome for sample 2052690574-005061_8008990406_S5, files found: /home/phung/Documents/work/MToolBox-master/tenon/S5/S5//2052690574-005061_8008990406_S5.fastq /home/phung/Documents/work/MToolBox-master/tenon/S5/S5//2052690574-005061_8008990406_S5.R1.fastq /home/phung/Documents/work/MToolBox-master/tenon/S5/S5//2052690574-005061_8008990406_S5.R2.fastq
2052690574-005061_8008990406_S5.fastq is an empty unpaired fastq. File has been removed.
Mapping onto mtDNA...
/home/phung/Documents/work/MToolBox-master/bin/gmap/bin/gsnap -D /home/phung/Documents/work/MToolBox-master/gmapdb/ --gunzip -d chrM -A sam --nofails --pairmax-dna=500 --query-unk-mismatch=1 --read-group-id=sample --read-group-name=sample --read-group-library=sample --read-group-platform=sample -n 1 -Q -O -t 8 2052690574-005061_8008990406_S5.R1.fastq 2052690574-005061_8008990406_S5.R2.fastq > /home/phung/Documents/work/MToolBox-master/tenon/S5/S5//OUT_2052690574-005061_8008990406_S5/outmt.sam 2> /home/phung/Documents/work/MToolBox-master/tenon/S5/S5//OUT_2052690574-005061_8008990406_S5/logmt.txt
Extracting FASTQ from SAM...
Mapping onto complete human genome...single reads
Mapping onto complete human genome...pair reads
Reading Results...
Filtering reads...
Outfile saved on /home/phung/Documents/work/MToolBox-master/tenon/S5/S5//OUT_2052690574-005061_8008990406_S5/OUT.sam.
Done.

Compression of fastq files from bam/sam input files...
Done.

SAM files post-processing...

##### SORTING OUT.sam FILES WITH PICARDTOOLS...

[Fri Mar 01 17:31:18 CET 2019] net.sf.picard.sam.SortSam INPUT=OUT.sam OUTPUT=OUT.sam.bam SORT_ORDER=coordinate TMP_DIR=[/home/phung/Documents/work/MToolBox-master/tenon/S5/S5/OUT_2052690574-005061_8008990406_S5/tmp]    VERBOSITY=INFO QUIET=false VALIDATION_STRINGENCY=STRICT COMPRESSION_LEVEL=5 MAX_RECORDS_IN_RAM=500000 CREATE_INDEX=false CREATE_MD5_FILE=false
[Fri Mar 01 17:31:18 CET 2019] Executing as phung@phung-Precision-Tower-5810 on Linux 4.15.0-45-generic amd64; OpenJDK 64-Bit Server VM 1.8.0_191-8u191-b12-2ubuntu0.16.04.1-b12; Picard version: 1.98(1547)
INFO	2019-03-01 17:31:19	SortSam	Finished reading inputs, merging and writing to output now.
[Fri Mar 01 17:31:19 CET 2019] net.sf.picard.sam.SortSam done. Elapsed time: 0.01 minutes.
Runtime.totalMemory()=251658240
Success.

Skip Indel Realigner...
Skipping Mark Duplicates...
[Fri Mar 01 17:31:19 CET 2019] net.sf.picard.sam.SamFormatConverter INPUT=OUT.sam.bam.marked.bam OUTPUT=OUT.sam.bam.marked.bam.marked.sam TMP_DIR=[/home/phung/Documents/work/MToolBox-master/tenon/S5/S5/OUT_2052690574-005061_8008990406_S5/tmp]    VERBOSITY=INFO QUIET=false VALIDATION_STRINGENCY=STRICT COMPRESSION_LEVEL=5 MAX_RECORDS_IN_RAM=500000 CREATE_INDEX=false CREATE_MD5_FILE=false
[Fri Mar 01 17:31:19 CET 2019] Executing as phung@phung-Precision-Tower-5810 on Linux 4.15.0-45-generic amd64; OpenJDK 64-Bit Server VM 1.8.0_191-8u191-b12-2ubuntu0.16.04.1-b12; Picard version: 1.98(1547)
[Fri Mar 01 17:31:19 CET 2019] net.sf.picard.sam.SamFormatConverter done. Elapsed time: 0.01 minutes.
Runtime.totalMemory()=251658240

##### ASSEMBLING MT GENOMES WITH ASSEMBLEMTGENOME...

WARNING: values of tail < 5 are deprecated and will be replaced with 5

[mpileup] 1 samples in 1 input files
<mpileup> Set max per-file depth to 8000

##### GENERATING VCF OUTPUT...
Reference sequence used for VCF: RCRS

##### PREDICTING HAPLOGROUPS AND ANNOTATING/PRIORITIZING VARIANTS...

Haplogroup predictions based on RSRS Phylotree build 17
Your best results file is  mt_classification_best_results.csv

Loading contig sequences from file 2052690574-005061_8008990406_S5-contigs.fasta
Loaded 1 contig sequences

Aligning Contigs to mtDNA reference genome...


Sequence haplogroup assignment

Classification according to tree: /home/phung/Documents/work/MToolBox-master/MToolBox/data/phylotree_r17.pickle
genome_state is  incomplete
OrderedDict([('T2b3_151', (59, 59, 59))])
====================
I'm looking for T2b3_151
------------------------------
Contig alignment to MHCS and rCRS
Aligning contigs to MHCS SeqDiff object
rCRS SeqDiff object
Merging seq_diffs...
Writing results for sequence 2052690574-005061_8008990406_S5
Parsing pathogenicity table...
Parsing variability data...
Parsing info about haplogroup-defining sites...
Parsing info about haplogroup assignments...
/home/phung/Documents/work/MToolBox-master/tenon/S5/S5/OUT_2052690574-005061_8008990406_S5/2052690574-005061_8008990406_S5_merged_diff.csv
Parsing variant data for sample 2052690574-005061_8008990406_S5...
Best haplogroup predictions for sample 2052690574-005061_8008990406_S5 : ['T2b3_151']
Functional annotation for haplogroup T2b3_151
Looking for prioritized variants...

Prioritization analysis done.


Analysis completed!

